<?xml version="1.0" encoding="UTF-8"?>
<!-- Generated by org.testng.reporters.JUnitXMLReporter -->
<testsuite hostname="NR90L0J2S" name="Default test" tests="3" failures="0" timestamp="20 Nov 2017 10:22:44 GMT" time="12.626" errors="0">
  <testcase name="setGetWinSize" time="0.142" classname="com.test.TestWindow"/>
  <testcase name="setGetWinPosition" time="0.074" classname="com.test.TestWindow"/>
  <testcase name="SecondWindow" time="7.191" classname="com.test.TestWindow"/>
</testsuite> <!-- Default test -->
